Determining if the pthread_create exist failed with the following output:
Change Dir: /mnt/c/Users/Pavel/CLionProjects/Matrix/cmake-build-debug/CMakeFiles/CMakeTmp

Run Build Command:"/usr/bin/make" "cmTC_54e01/fast"
/usr/bin/make -f CMakeFiles/cmTC_54e01.dir/build.make CMakeFiles/cmTC_54e01.dir/build
make[1]: Entering directory '/mnt/c/Users/Pavel/CLionProjects/Matrix/cmake-build-debug/CMakeFiles/CMakeTmp'
Building C object CMakeFiles/cmTC_54e01.dir/CheckSymbolExists.c.o
/usr/bin/cc    -o CMakeFiles/cmTC_54e01.dir/CheckSymbolExists.c.o   -c /mnt/c/Users/Pavel/CLionProjects/Matrix/cmake-build-debug/CMakeFiles/CMakeTmp/CheckSymbolExists.c
Linking C executable cmTC_54e01
/usr/bin/cmake -E cmake_link_script CMakeFiles/cmTC_54e01.dir/link.txt --verbose=1
/usr/bin/cc      CMakeFiles/cmTC_54e01.dir/CheckSymbolExists.c.o  -o cmTC_54e01 
CMakeFiles/cmTC_54e01.dir/CheckSymbolExists.c.o: In function `main':
CheckSymbolExists.c:(.text+0x1b): undefined reference to `pthread_create'
collect2: error: ld returned 1 exit status
CMakeFiles/cmTC_54e01.dir/build.make:97: recipe for target 'cmTC_54e01' failed
make[1]: *** [cmTC_54e01] Error 1
make[1]: Leaving directory '/mnt/c/Users/Pavel/CLionProjects/Matrix/cmake-build-debug/CMakeFiles/CMakeTmp'
Makefile:126: recipe for target 'cmTC_54e01/fast' failed
make: *** [cmTC_54e01/fast] Error 2

File /mnt/c/Users/Pavel/CLionProjects/Matrix/cmake-build-debug/CMakeFiles/CMakeTmp/CheckSymbolExists.c:
/* */
#include <pthread.h>

int main(int argc, char** argv)
{
  (void)argv;
#ifndef pthread_create
  return ((int*)(&pthread_create))[argc];
#else
  (void)argc;
  return 0;
#endif
}

Determining if the function pthread_create exists in the pthreads failed with the following output:
Change Dir: /mnt/c/Users/Pavel/CLionProjects/Matrix/cmake-build-debug/CMakeFiles/CMakeTmp

Run Build Command:"/usr/bin/make" "cmTC_1ab1e/fast"
/usr/bin/make -f CMakeFiles/cmTC_1ab1e.dir/build.make CMakeFiles/cmTC_1ab1e.dir/build
make[1]: Entering directory '/mnt/c/Users/Pavel/CLionProjects/Matrix/cmake-build-debug/CMakeFiles/CMakeTmp'
Building C object CMakeFiles/cmTC_1ab1e.dir/CheckFunctionExists.c.o
/usr/bin/cc   -DCHECK_FUNCTION_EXISTS=pthread_create   -o CMakeFiles/cmTC_1ab1e.dir/CheckFunctionExists.c.o   -c /usr/share/cmake-3.10/Modules/CheckFunctionExists.c
Linking C executable cmTC_1ab1e
/usr/bin/cmake -E cmake_link_script CMakeFiles/cmTC_1ab1e.dir/link.txt --verbose=1
/usr/bin/cc  -DCHECK_FUNCTION_EXISTS=pthread_create    CMakeFiles/cmTC_1ab1e.dir/CheckFunctionExists.c.o  -o cmTC_1ab1e -lpthreads 
/usr/bin/ld: cannot find -lpthreads
collect2: error: ld returned 1 exit status
CMakeFiles/cmTC_1ab1e.dir/build.make:97: recipe for target 'cmTC_1ab1e' failed
make[1]: *** [cmTC_1ab1e] Error 1
make[1]: Leaving directory '/mnt/c/Users/Pavel/CLionProjects/Matrix/cmake-build-debug/CMakeFiles/CMakeTmp'
Makefile:126: recipe for target 'cmTC_1ab1e/fast' failed
make: *** [cmTC_1ab1e/fast] Error 2


